#
# There is insufficient memory for the Java Runtime Environment to continue.
# Native memory allocation (malloc) failed to allocate 107536 bytes for Chunk::new
# Possible reasons:
#   The system is out of physical RAM or swap space
#   The process is running with CompressedOops enabled, and the Java Heap may be blocking the growth of the native heap
# Possible solutions:
#   Reduce memory load on the system
#   Increase physical memory or swap space
#   Check if swap backing store is full
#   Decrease Java heap size (-Xmx/-Xms)
#   Decrease number of Java threads
#   Decrease Java thread stack sizes (-Xss)
#   Set larger code cache with -XX:ReservedCodeCacheSize=
#   JVM is running with Unscaled Compressed Oops mode in which the Java heap is
#     placed in the first 4GB address space. The Java Heap base address is the
#     maximum limit for the native heap growth. Please use -XX:HeapBaseMinAddress
#     to set the Java Heap base and to place the Java Heap above 4GB virtual address.
# This output file may be truncated or incomplete.
#
#  Out of Memory Error (./open/src/hotspot/share/memory/arena.cpp:197), pid=15764, tid=24264
#
# JRE version: Java(TM) SE Runtime Environment 18.9 (11.0.11+9) (build 11.0.11+9-LTS-194)
# Java VM: Java HotSpot(TM) 64-Bit Server VM 18.9 (11.0.11+9-LTS-194, mixed mode, tiered, compressed oops, g1 gc, windows-amd64)
# No core dump will be written. Minidumps are not enabled by default on client versions of Windows
#

---------------  S U M M A R Y ------------

Command Line: -ea -Dfile.encoding=UTF-8 org.testng.remote.RemoteTestNG -serport 64642 -protocol json -d D:\Automation\03 - Java Hybrid Framework\test-output D:\Automation\03 - Java Hybrid Framework\resources\runNopCommercetest.xml

Host: Intel(R) Core(TM) i5-9300H CPU @ 2.40GHz, 8 cores, 7G,  Windows 10 , 64 bit Build 19041 (10.0.19041.1348)
Time: Wed Dec 15 13:58:04 2021 SE Asia Standard Time elapsed time: 7.649478 seconds (0d 0h 0m 7s)

---------------  T H R E A D  ---------------

Current thread (0x000002584c0ff000):  JavaThread "C2 CompilerThread0" daemon [_thread_in_native, id=24264, stack(0x000000ea76100000,0x000000ea76200000)]


Current CompileTask:
C2:   7649 1639   !   4       org.openqa.selenium.json.Input::init (71 bytes)

Stack: [0x000000ea76100000,0x000000ea76200000]
Native frames: (J=compiled Java code, j=interpreted, Vv=VM code, C=native code)
V  [jvm.dll+0x616f2a]
V  [jvm.dll+0x74de7f]
V  [jvm.dll+0x74f505]
V  [jvm.dll+0x74fb83]
V  [jvm.dll+0x2436d8]
V  [jvm.dll+0xba68c]
V  [jvm.dll+0xbad8c]
V  [jvm.dll+0x346272]
V  [jvm.dll+0x193dc9]
V  [jvm.dll+0x1fd152]
V  [jvm.dll+0x1fc22f]
V  [jvm.dll+0x17f0bc]
V  [jvm.dll+0x20b68c]
V  [jvm.dll+0x20978b]
V  [jvm.dll+0x7152c9]
V  [jvm.dll+0x70dfc4]
V  [jvm.dll+0x6160f6]
C  [ucrtbase.dll+0x21bb2]
C  [KERNEL32.DLL+0x17034]
C  [ntdll.dll+0x52651]


---------------  P R O C E S S  ---------------

Threads class SMR info:
_java_thread_list=0x000002584d59d1a0, length=18, elements={
0x000002582b3e5800, 0x000002584c0e2000, 0x000002584c0eb000, 0x000002584ca72800,
0x000002584c0f4000, 0x000002584c0ff000, 0x000002584c104000, 0x000002584c112000,
0x000002584cbf3000, 0x000002584cbed800, 0x000002584ceff800, 0x000002584e21d800,
0x000002584d56b800, 0x000002584d425800, 0x000002584d5d0000, 0x000002584d447800,
0x000002584e1d0800, 0x000002584cd5b800
}

Java Threads: ( => current thread )
  0x000002582b3e5800 JavaThread "Forwarding newSession on session null to remote" [_thread_in_Java, id=15964, stack(0x000000ea75600000,0x000000ea75700000)]
  0x000002584c0e2000 JavaThread "Reference Handler" daemon [_thread_blocked, id=18868, stack(0x000000ea75d00000,0x000000ea75e00000)]
  0x000002584c0eb000 JavaThread "Finalizer" daemon [_thread_blocked, id=11992, stack(0x000000ea75e00000,0x000000ea75f00000)]
  0x000002584ca72800 JavaThread "Signal Dispatcher" daemon [_thread_blocked, id=23892, stack(0x000000ea75f00000,0x000000ea76000000)]
  0x000002584c0f4000 JavaThread "Attach Listener" daemon [_thread_blocked, id=28352, stack(0x000000ea76000000,0x000000ea76100000)]
=>0x000002584c0ff000 JavaThread "C2 CompilerThread0" daemon [_thread_in_native, id=24264, stack(0x000000ea76100000,0x000000ea76200000)]
  0x000002584c104000 JavaThread "C1 CompilerThread0" daemon [_thread_in_vm, id=6344, stack(0x000000ea76200000,0x000000ea76300000)]
  0x000002584c112000 JavaThread "Sweeper thread" daemon [_thread_blocked, id=21596, stack(0x000000ea76300000,0x000000ea76400000)]
  0x000002584cbf3000 JavaThread "Service Thread" daemon [_thread_blocked, id=11396, stack(0x000000ea76400000,0x000000ea76500000)]
  0x000002584cbed800 JavaThread "Common-Cleaner" daemon [_thread_blocked, id=9140, stack(0x000000ea76600000,0x000000ea76700000)]
  0x000002584ceff800 JavaThread "ReaderThread" [_thread_in_native, id=12512, stack(0x000000ea76900000,0x000000ea76a00000)]
  0x000002584e21d800 JavaThread "Exec Default Executor" daemon [_thread_in_native, id=10508, stack(0x000000ea76d00000,0x000000ea76e00000)]
  0x000002584d56b800 JavaThread "Exec Stream Pumper" daemon [_thread_in_native, id=26352, stack(0x000000ea76e00000,0x000000ea76f00000)]
  0x000002584d425800 JavaThread "Exec Stream Pumper" daemon [_thread_in_native, id=628, stack(0x000000ea76f00000,0x000000ea77000000)]
  0x000002584d5d0000 JavaThread "ForkJoinPool.commonPool-worker-3" daemon [_thread_blocked, id=21172, stack(0x000000ea77000000,0x000000ea77100000)]
  0x000002584d447800 JavaThread "OkHttp ConnectionPool" daemon [_thread_blocked, id=3956, stack(0x000000ea77200000,0x000000ea77300000)]
  0x000002584e1d0800 JavaThread "Okio Watchdog" daemon [_thread_blocked, id=27440, stack(0x000000ea77300000,0x000000ea77400000)]
  0x000002584cd5b800 JavaThread "C2 CompilerThread1" daemon [_thread_in_native, id=10864, stack(0x000000ea76700000,0x000000ea76800000)]

Other Threads:
  0x000002584c0bb800 VMThread "VM Thread" [stack: 0x000000ea75c00000,0x000000ea75d00000] [id=20880]
  0x000002584cbe9000 WatcherThread [stack: 0x000000ea76500000,0x000000ea76600000] [id=18460]
  0x000002582b3fa800 GCTaskThread "GC Thread#0" [stack: 0x000000ea75700000,0x000000ea75800000] [id=21924]
  0x000002584d43b800 GCTaskThread "GC Thread#1" [stack: 0x000000ea76a00000,0x000000ea76b00000] [id=1792]
  0x000002584d43c000 GCTaskThread "GC Thread#2" [stack: 0x000000ea76b00000,0x000000ea76c00000] [id=16200]
  0x000002584d43c800 GCTaskThread "GC Thread#3" [stack: 0x000000ea76c00000,0x000000ea76d00000] [id=21460]
  0x000002582b42d000 ConcurrentGCThread "G1 Main Marker" [stack: 0x000000ea75800000,0x000000ea75900000] [id=7212]
  0x000002582b42f000 ConcurrentGCThread "G1 Conc#0" [stack: 0x000000ea75900000,0x000000ea75a00000] [id=9144]
  0x000002584d54e800 ConcurrentGCThread "G1 Conc#1" [stack: 0x000000ea77100000,0x000000ea77200000] [id=24664]
  0x000002584bf30800 ConcurrentGCThread "G1 Refine#0" [stack: 0x000000ea75a00000,0x000000ea75b00000] [id=27820]
  0x000002584bf31000 ConcurrentGCThread "G1 Young RemSet Sampling" [stack: 0x000000ea75b00000,0x000000ea75c00000] [id=27500]

Threads with active compile tasks:
C2 CompilerThread0   7684 1639   !   4       org.openqa.selenium.json.Input::init (71 bytes)
C2 CompilerThread1   7684 1645       4       org.openqa.selenium.json.Input::peek (9 bytes)

VM state:not at safepoint (normal execution)

VM Mutex/Monitor currently owned by a thread: None

Heap address: 0x0000000081c00000, size: 2020 MB, Compressed Oops mode: 32-bit
Narrow klass base: 0x0000000000000000, Narrow klass shift: 3
Compressed class space size: 1073741824 Address: 0x0000000100000000

Heap:
 garbage-first heap   total 131072K, used 8228K [0x0000000081c00000, 0x0000000100000000)
  region size 1024K, 8 young (8192K), 5 survivors (5120K)
 Metaspace       used 21749K, capacity 22299K, committed 22400K, reserved 1073152K
  class space    used 2393K, capacity 2616K, committed 2688K, reserved 1048576K
Heap Regions: E=young(eden), S=young(survivor), O=old, HS=humongous(starts), HC=humongous(continues), CS=collection set, F=free, A=archive, TAMS=top-at-mark-start (previous, next)
|   0|0x0000000081c00000, 0x0000000081d00000, 0x0000000081d00000|100%|HS|  |TAMS 0x0000000081d00000, 0x0000000081c00000| Complete 
|   1|0x0000000081d00000, 0x0000000081dc6c00, 0x0000000081e00000| 77%| O|  |TAMS 0x0000000081dc6c00, 0x0000000081d00000| Untracked 
|   2|0x0000000081e00000, 0x0000000081e00000, 0x0000000081f00000|  0%| F|  |TAMS 0x0000000081e00000, 0x0000000081e00000| Untracked 
|   3|0x0000000081f00000, 0x0000000081f00000, 0x0000000082000000|  0%| F|  |TAMS 0x0000000081f00000, 0x0000000081f00000| Untracked 
|   4|0x0000000082000000, 0x0000000082000000, 0x0000000082100000|  0%| F|  |TAMS 0x0000000082000000, 0x0000000082000000| Untracked 
|   5|0x0000000082100000, 0x0000000082100000, 0x0000000082200000|  0%| F|  |TAMS 0x0000000082100000, 0x0000000082100000| Untracked 
|   6|0x0000000082200000, 0x0000000082200000, 0x0000000082300000|  0%| F|  |TAMS 0x0000000082200000, 0x0000000082200000| Untracked 
|   7|0x0000000082300000, 0x0000000082300000, 0x0000000082400000|  0%| F|  |TAMS 0x0000000082300000, 0x0000000082300000| Untracked 
|   8|0x0000000082400000, 0x0000000082400000, 0x0000000082500000|  0%| F|  |TAMS 0x0000000082400000, 0x0000000082400000| Untracked 
|   9|0x0000000082500000, 0x0000000082500000, 0x0000000082600000|  0%| F|  |TAMS 0x0000000082500000, 0x0000000082500000| Untracked 
|  10|0x0000000082600000, 0x0000000082600000, 0x0000000082700000|  0%| F|  |TAMS 0x0000000082600000, 0x0000000082600000| Untracked 
|  11|0x0000000082700000, 0x0000000082700000, 0x0000000082800000|  0%| F|  |TAMS 0x0000000082700000, 0x0000000082700000| Untracked 
|  12|0x0000000082800000, 0x0000000082800000, 0x0000000082900000|  0%| F|  |TAMS 0x0000000082800000, 0x0000000082800000| Untracked 
|  13|0x0000000082900000, 0x0000000082900000, 0x0000000082a00000|  0%| F|  |TAMS 0x0000000082900000, 0x0000000082900000| Untracked 
|  14|0x0000000082a00000, 0x0000000082a00000, 0x0000000082b00000|  0%| F|  |TAMS 0x0000000082a00000, 0x0000000082a00000| Untracked 
|  15|0x0000000082b00000, 0x0000000082b00000, 0x0000000082c00000|  0%| F|  |TAMS 0x0000000082b00000, 0x0000000082b00000| Untracked 
|  16|0x0000000082c00000, 0x0000000082c00000, 0x0000000082d00000|  0%| F|  |TAMS 0x0000000082c00000, 0x0000000082c00000| Untracked 
|  17|0x0000000082d00000, 0x0000000082d00000, 0x0000000082e00000|  0%| F|  |TAMS 0x0000000082d00000, 0x0000000082d00000| Untracked 
|  18|0x0000000082e00000, 0x0000000082e00000, 0x0000000082f00000|  0%| F|  |TAMS 0x0000000082e00000, 0x0000000082e00000| Untracked 
|  19|0x0000000082f00000, 0x0000000082f00000, 0x0000000083000000|  0%| F|  |TAMS 0x0000000082f00000, 0x0000000082f00000| Untracked 
|  20|0x0000000083000000, 0x0000000083000000, 0x0000000083100000|  0%| F|  |TAMS 0x0000000083000000, 0x0000000083000000| Untracked 
|  21|0x0000000083100000, 0x0000000083100000, 0x0000000083200000|  0%| F|  |TAMS 0x0000000083100000, 0x0000000083100000| Untracked 
|  22|0x0000000083200000, 0x0000000083200000, 0x0000000083300000|  0%| F|  |TAMS 0x0000000083200000, 0x0000000083200000| Untracked 
|  23|0x0000000083300000, 0x0000000083300000, 0x0000000083400000|  0%| F|  |TAMS 0x0000000083300000, 0x0000000083300000| Untracked 
|  24|0x0000000083400000, 0x0000000083400000, 0x0000000083500000|  0%| F|  |TAMS 0x0000000083400000, 0x0000000083400000| Untracked 
|  25|0x0000000083500000, 0x0000000083500000, 0x0000000083600000|  0%| F|  |TAMS 0x0000000083500000, 0x0000000083500000| Untracked 
|  26|0x0000000083600000, 0x0000000083600000, 0x0000000083700000|  0%| F|  |TAMS 0x0000000083600000, 0x0000000083600000| Untracked 
|  27|0x0000000083700000, 0x0000000083700000, 0x0000000083800000|  0%| F|  |TAMS 0x0000000083700000, 0x0000000083700000| Untracked 
|  28|0x0000000083800000, 0x0000000083800000, 0x0000000083900000|  0%| F|  |TAMS 0x0000000083800000, 0x0000000083800000| Untracked 
|  29|0x0000000083900000, 0x0000000083900000, 0x0000000083a00000|  0%| F|  |TAMS 0x0000000083900000, 0x0000000083900000| Untracked 
|  30|0x0000000083a00000, 0x0000000083a00000, 0x0000000083b00000|  0%| F|  |TAMS 0x0000000083a00000, 0x0000000083a00000| Untracked 
|  31|0x0000000083b00000, 0x0000000083b00000, 0x0000000083c00000|  0%| F|  |TAMS 0x0000000083b00000, 0x0000000083b00000| Untracked 
|  32|0x0000000083c00000, 0x0000000083c00000, 0x0000000083d00000|  0%| F|  |TAMS 0x0000000083c00000, 0x0000000083c00000| Untracked 
|  33|0x0000000083d00000, 0x0000000083d00000, 0x0000000083e00000|  0%| F|  |TAMS 0x0000000083d00000, 0x0000000083d00000| Untracked 
|  34|0x0000000083e00000, 0x0000000083e00000, 0x0000000083f00000|  0%| F|  |TAMS 0x0000000083e00000, 0x0000000083e00000| Untracked 
|  35|0x0000000083f00000, 0x0000000083f00000, 0x0000000084000000|  0%| F|  |TAMS 0x0000000083f00000, 0x0000000083f00000| Untracked 
|  36|0x0000000084000000, 0x0000000084000000, 0x0000000084100000|  0%| F|  |TAMS 0x0000000084000000, 0x0000000084000000| Untracked 
|  37|0x0000000084100000, 0x0000000084100000, 0x0000000084200000|  0%| F|  |TAMS 0x0000000084100000, 0x0000000084100000| Untracked 
|  38|0x0000000084200000, 0x0000000084200000, 0x0000000084300000|  0%| F|  |TAMS 0x0000000084200000, 0x0000000084200000| Untracked 
|  39|0x0000000084300000, 0x0000000084300000, 0x0000000084400000|  0%| F|  |TAMS 0x0000000084300000, 0x0000000084300000| Untracked 
|  40|0x0000000084400000, 0x0000000084400000, 0x0000000084500000|  0%| F|  |TAMS 0x0000000084400000, 0x0000000084400000| Untracked 
|  41|0x0000000084500000, 0x0000000084500000, 0x0000000084600000|  0%| F|  |TAMS 0x0000000084500000, 0x0000000084500000| Untracked 
|  42|0x0000000084600000, 0x0000000084600000, 0x0000000084700000|  0%| F|  |TAMS 0x0000000084600000, 0x0000000084600000| Untracked 
|  43|0x0000000084700000, 0x0000000084700000, 0x0000000084800000|  0%| F|  |TAMS 0x0000000084700000, 0x0000000084700000| Untracked 
|  44|0x0000000084800000, 0x0000000084800000, 0x0000000084900000|  0%| F|  |TAMS 0x0000000084800000, 0x0000000084800000| Untracked 
|  45|0x0000000084900000, 0x0000000084900000, 0x0000000084a00000|  0%| F|  |TAMS 0x0000000084900000, 0x0000000084900000| Untracked 
|  46|0x0000000084a00000, 0x0000000084a00000, 0x0000000084b00000|  0%| F|  |TAMS 0x0000000084a00000, 0x0000000084a00000| Untracked 
|  47|0x0000000084b00000, 0x0000000084b00000, 0x0000000084c00000|  0%| F|  |TAMS 0x0000000084b00000, 0x0000000084b00000| Untracked 
|  48|0x0000000084c00000, 0x0000000084c00000, 0x0000000084d00000|  0%| F|  |TAMS 0x0000000084c00000, 0x0000000084c00000| Untracked 
|  49|0x0000000084d00000, 0x0000000084d00000, 0x0000000084e00000|  0%| F|  |TAMS 0x0000000084d00000, 0x0000000084d00000| Untracked 
|  50|0x0000000084e00000, 0x0000000084e00000, 0x0000000084f00000|  0%| F|  |TAMS 0x0000000084e00000, 0x0000000084e00000| Untracked 
|  51|0x0000000084f00000, 0x0000000084f00000, 0x0000000085000000|  0%| F|  |TAMS 0x0000000084f00000, 0x0000000084f00000| Untracked 
|  52|0x0000000085000000, 0x0000000085000000, 0x0000000085100000|  0%| F|  |TAMS 0x0000000085000000, 0x0000000085000000| Untracked 
|  53|0x0000000085100000, 0x0000000085100000, 0x0000000085200000|  0%| F|  |TAMS 0x0000000085100000, 0x0000000085100000| Untracked 
|  54|0x0000000085200000, 0x0000000085200000, 0x0000000085300000|  0%| F|  |TAMS 0x0000000085200000, 0x0000000085200000| Untracked 
|  55|0x0000000085300000, 0x0000000085300000, 0x0000000085400000|  0%| F|  |TAMS 0x0000000085300000, 0x0000000085300000| Untracked 
|  56|0x0000000085400000, 0x0000000085400000, 0x0000000085500000|  0%| F|  |TAMS 0x0000000085400000, 0x0000000085400000| Untracked 
|  57|0x0000000085500000, 0x0000000085500000, 0x0000000085600000|  0%| F|  |TAMS 0x0000000085500000, 0x0000000085500000| Untracked 
|  58|0x0000000085600000, 0x0000000085600000, 0x0000000085700000|  0%| F|  |TAMS 0x0000000085600000, 0x0000000085600000| Untracked 
|  59|0x0000000085700000, 0x0000000085700000, 0x0000000085800000|  0%| F|  |TAMS 0x0000000085700000, 0x0000000085700000| Untracked 
|  60|0x0000000085800000, 0x0000000085800000, 0x0000000085900000|  0%| F|  |TAMS 0x0000000085800000, 0x0000000085800000| Untracked 
|  61|0x0000000085900000, 0x0000000085900000, 0x0000000085a00000|  0%| F|  |TAMS 0x0000000085900000, 0x0000000085900000| Untracked 
|  62|0x0000000085a00000, 0x0000000085a00000, 0x0000000085b00000|  0%| F|  |TAMS 0x0000000085a00000, 0x0000000085a00000| Untracked 
|  63|0x0000000085b00000, 0x0000000085b00000, 0x0000000085c00000|  0%| F|  |TAMS 0x0000000085b00000, 0x0000000085b00000| Untracked 
|  64|0x0000000085c00000, 0x0000000085c00000, 0x0000000085d00000|  0%| F|  |TAMS 0x0000000085c00000, 0x0000000085c00000| Untracked 
|  65|0x0000000085d00000, 0x0000000085d00000, 0x0000000085e00000|  0%| F|  |TAMS 0x0000000085d00000, 0x0000000085d00000| Untracked 
|  66|0x0000000085e00000, 0x0000000085e00000, 0x0000000085f00000|  0%| F|  |TAMS 0x0000000085e00000, 0x0000000085e00000| Untracked 
|  67|0x0000000085f00000, 0x0000000085f00000, 0x0000000086000000|  0%| F|  |TAMS 0x0000000085f00000, 0x0000000085f00000| Untracked 
|  68|0x0000000086000000, 0x0000000086000000, 0x0000000086100000|  0%| F|  |TAMS 0x0000000086000000, 0x0000000086000000| Untracked 
|  69|0x0000000086100000, 0x0000000086100000, 0x0000000086200000|  0%| F|  |TAMS 0x0000000086100000, 0x0000000086100000| Untracked 
|  70|0x0000000086200000, 0x0000000086200000, 0x0000000086300000|  0%| F|  |TAMS 0x0000000086200000, 0x0000000086200000| Untracked 
|  71|0x0000000086300000, 0x0000000086300000, 0x0000000086400000|  0%| F|  |TAMS 0x0000000086300000, 0x0000000086300000| Untracked 
|  72|0x0000000086400000, 0x0000000086400000, 0x0000000086500000|  0%| F|  |TAMS 0x0000000086400000, 0x0000000086400000| Untracked 
|  73|0x0000000086500000, 0x0000000086500000, 0x0000000086600000|  0%| F|  |TAMS 0x0000000086500000, 0x0000000086500000| Untracked 
|  74|0x0000000086600000, 0x0000000086600000, 0x0000000086700000|  0%| F|  |TAMS 0x0000000086600000, 0x0000000086600000| Untracked 
|  75|0x0000000086700000, 0x0000000086700000, 0x0000000086800000|  0%| F|  |TAMS 0x0000000086700000, 0x0000000086700000| Untracked 
|  76|0x0000000086800000, 0x0000000086800000, 0x0000000086900000|  0%| F|  |TAMS 0x0000000086800000, 0x0000000086800000| Untracked 
|  77|0x0000000086900000, 0x0000000086900000, 0x0000000086a00000|  0%| F|  |TAMS 0x0000000086900000, 0x0000000086900000| Untracked 
|  78|0x0000000086a00000, 0x0000000086a00000, 0x0000000086b00000|  0%| F|  |TAMS 0x0000000086a00000, 0x0000000086a00000| Untracked 
|  79|0x0000000086b00000, 0x0000000086b00000, 0x0000000086c00000|  0%| F|  |TAMS 0x0000000086b00000, 0x0000000086b00000| Untracked 
|  80|0x0000000086c00000, 0x0000000086c00000, 0x0000000086d00000|  0%| F|  |TAMS 0x0000000086c00000, 0x0000000086c00000| Untracked 
|  81|0x0000000086d00000, 0x0000000086d00000, 0x0000000086e00000|  0%| F|  |TAMS 0x0000000086d00000, 0x0000000086d00000| Untracked 
|  82|0x0000000086e00000, 0x0000000086e00000, 0x0000000086f00000|  0%| F|  |TAMS 0x0000000086e00000, 0x0000000086e00000| Untracked 
|  83|0x0000000086f00000, 0x0000000086f00000, 0x0000000087000000|  0%| F|  |TAMS 0x0000000086f00000, 0x0000000086f00000| Untracked 
|  84|0x0000000087000000, 0x0000000087000000, 0x0000000087100000|  0%| F|  |TAMS 0x0000000087000000, 0x0000000087000000| Untracked 
|  85|0x0000000087100000, 0x0000000087100000, 0x0000000087200000|  0%| F|  |TAMS 0x0000000087100000, 0x0000000087100000| Untracked 
|  86|0x0000000087200000, 0x0000000087200000, 0x0000000087300000|  0%| F|  |TAMS 0x0000000087200000, 0x0000000087200000| Untracked 
|  87|0x0000000087300000, 0x0000000087300000, 0x0000000087400000|  0%| F|  |TAMS 0x0000000087300000, 0x0000000087300000| Untracked 
|  88|0x0000000087400000, 0x0000000087400000, 0x0000000087500000|  0%| F|  |TAMS 0x0000000087400000, 0x0000000087400000| Untracked 
|  89|0x0000000087500000, 0x0000000087500000, 0x0000000087600000|  0%| F|  |TAMS 0x0000000087500000, 0x0000000087500000| Untracked 
|  90|0x0000000087600000, 0x0000000087600000, 0x0000000087700000|  0%| F|  |TAMS 0x0000000087600000, 0x0000000087600000| Untracked 
|  91|0x0000000087700000, 0x0000000087700000, 0x0000000087800000|  0%| F|  |TAMS 0x0000000087700000, 0x0000000087700000| Untracked 
|  92|0x0000000087800000, 0x0000000087800000, 0x0000000087900000|  0%| F|  |TAMS 0x0000000087800000, 0x0000000087800000| Untracked 
|  93|0x0000000087900000, 0x0000000087900000, 0x0000000087a00000|  0%| F|  |TAMS 0x0000000087900000, 0x0000000087900000| Untracked 
|  94|0x0000000087a00000, 0x0000000087a00000, 0x0000000087b00000|  0%| F|  |TAMS 0x0000000087a00000, 0x0000000087a00000| Untracked 
|  95|0x0000000087b00000, 0x0000000087b00000, 0x0000000087c00000|  0%| F|  |TAMS 0x0000000087b00000, 0x0000000087b00000| Untracked 
|  96|0x0000000087c00000, 0x0000000087c00000, 0x0000000087d00000|  0%| F|  |TAMS 0x0000000087c00000, 0x0000000087c00000| Untracked 
|  97|0x0000000087d00000, 0x0000000087d00000, 0x0000000087e00000|  0%| F|  |TAMS 0x0000000087d00000, 0x0000000087d00000| Untracked 
|  98|0x0000000087e00000, 0x0000000087e00000, 0x0000000087f00000|  0%| F|  |TAMS 0x0000000087e00000, 0x0000000087e00000| Untracked 
|  99|0x0000000087f00000, 0x0000000087f00000, 0x0000000088000000|  0%| F|  |TAMS 0x0000000087f00000, 0x0000000087f00000| Untracked 
| 100|0x0000000088000000, 0x0000000088000000, 0x0000000088100000|  0%| F|  |TAMS 0x0000000088000000, 0x0000000088000000| Untracked 
| 101|0x0000000088100000, 0x0000000088100000, 0x0000000088200000|  0%| F|  |TAMS 0x0000000088100000, 0x0000000088100000| Untracked 
| 102|0x0000000088200000, 0x0000000088200000, 0x0000000088300000|  0%| F|  |TAMS 0x0000000088200000, 0x0000000088200000| Untracked 
| 103|0x0000000088300000, 0x0000000088300000, 0x0000000088400000|  0%| F|  |TAMS 0x0000000088300000, 0x0000000088300000| Untracked 
| 104|0x0000000088400000, 0x0000000088400000, 0x0000000088500000|  0%| F|  |TAMS 0x0000000088400000, 0x0000000088400000| Untracked 
| 105|0x0000000088500000, 0x0000000088500000, 0x0000000088600000|  0%| F|  |TAMS 0x0000000088500000, 0x0000000088500000| Untracked 
| 106|0x0000000088600000, 0x0000000088600000, 0x0000000088700000|  0%| F|  |TAMS 0x0000000088600000, 0x0000000088600000| Untracked 
| 107|0x0000000088700000, 0x0000000088700000, 0x0000000088800000|  0%| F|  |TAMS 0x0000000088700000, 0x0000000088700000| Untracked 
| 108|0x0000000088800000, 0x0000000088800000, 0x0000000088900000|  0%| F|  |TAMS 0x0000000088800000, 0x0000000088800000| Untracked 
| 109|0x0000000088900000, 0x0000000088900000, 0x0000000088a00000|  0%| F|  |TAMS 0x0000000088900000, 0x0000000088900000| Untracked 
| 110|0x0000000088a00000, 0x0000000088a425b0, 0x0000000088b00000| 25%| S|CS|TAMS 0x0000000088a00000, 0x0000000088a00000| Complete 
| 111|0x0000000088b00000, 0x0000000088c00000, 0x0000000088c00000|100%| S|CS|TAMS 0x0000000088b00000, 0x0000000088b00000| Complete 
| 112|0x0000000088c00000, 0x0000000088d00000, 0x0000000088d00000|100%| S|CS|TAMS 0x0000000088c00000, 0x0000000088c00000| Complete 
| 113|0x0000000088d00000, 0x0000000088e00000, 0x0000000088e00000|100%| S|CS|TAMS 0x0000000088d00000, 0x0000000088d00000| Complete 
| 114|0x0000000088e00000, 0x0000000088f00000, 0x0000000088f00000|100%| S|CS|TAMS 0x0000000088e00000, 0x0000000088e00000| Complete 
| 115|0x0000000088f00000, 0x0000000088f00000, 0x0000000089000000|  0%| F|  |TAMS 0x0000000088f00000, 0x0000000088f00000| Untracked 
| 116|0x0000000089000000, 0x0000000089000000, 0x0000000089100000|  0%| F|  |TAMS 0x0000000089000000, 0x0000000089000000| Untracked 
| 117|0x0000000089100000, 0x0000000089100000, 0x0000000089200000|  0%| F|  |TAMS 0x0000000089100000, 0x0000000089100000| Untracked 
| 118|0x0000000089200000, 0x0000000089200000, 0x0000000089300000|  0%| F|  |TAMS 0x0000000089200000, 0x0000000089200000| Untracked 
| 119|0x0000000089300000, 0x0000000089300000, 0x0000000089400000|  0%| F|  |TAMS 0x0000000089300000, 0x0000000089300000| Untracked 
| 120|0x0000000089400000, 0x0000000089400000, 0x0000000089500000|  0%| F|  |TAMS 0x0000000089400000, 0x0000000089400000| Untracked 
| 121|0x0000000089500000, 0x0000000089500000, 0x0000000089600000|  0%| F|  |TAMS 0x0000000089500000, 0x0000000089500000| Untracked 
| 122|0x0000000089600000, 0x0000000089600000, 0x0000000089700000|  0%| F|  |TAMS 0x0000000089600000, 0x0000000089600000| Untracked 
| 123|0x0000000089700000, 0x0000000089700000, 0x0000000089800000|  0%| F|  |TAMS 0x0000000089700000, 0x0000000089700000| Untracked 
| 124|0x0000000089800000, 0x0000000089800000, 0x0000000089900000|  0%| F|  |TAMS 0x0000000089800000, 0x0000000089800000| Untracked 
| 125|0x0000000089900000, 0x0000000089980800, 0x0000000089a00000| 50%| E|  |TAMS 0x0000000089900000, 0x0000000089900000| Complete 
| 126|0x0000000089a00000, 0x0000000089b00000, 0x0000000089b00000|100%| E|CS|TAMS 0x0000000089a00000, 0x0000000089a00000| Complete 
| 127|0x0000000089b00000, 0x0000000089c00000, 0x0000000089c00000|100%| E|CS|TAMS 0x0000000089b00000, 0x0000000089b00000| Complete 

Card table byte_map: [0x0000025844ee0000,0x00000258452e0000] _byte_map_base: 0x0000025844ad2000

Marking Bits (Prev, Next): (CMBitMap*) 0x000002582b4245d0, (CMBitMap*) 0x000002582b424598
 Prev Bits: [0x0000025847670000, 0x0000025849600000)
 Next Bits: [0x00000258456e0000, 0x0000025847670000)

Polling page: 0x000002582b4d0000

Metaspace:

Usage:
  Non-class:     19.28 MB capacity,    18.94 MB ( 98%) used,   298.52 KB (  2%) free+waste,    57.63 KB ( <1%) overhead. 
      Class:      2.55 MB capacity,     2.34 MB ( 92%) used,   191.66 KB (  7%) free+waste,    28.38 KB (  1%) overhead. 
       Both:     21.84 MB capacity,    21.28 MB ( 97%) used,   490.19 KB (  2%) free+waste,    86.00 KB ( <1%) overhead. 

Virtual space:
  Non-class space:       24.00 MB reserved,      19.50 MB ( 81%) committed 
      Class space:        1.00 GB reserved,       2.63 MB ( <1%) committed 
             Both:        1.02 GB reserved,      22.13 MB (  2%) committed 

Chunk freelists:
   Non-Class:  3.63 KB
       Class:  1.00 KB
        Both:  4.63 KB

CodeHeap 'non-profiled nmethods': size=120000Kb used=515Kb max_used=515Kb free=119484Kb
 bounds [0x000002583cb40000, 0x000002583cdb0000, 0x0000025844070000]
CodeHeap 'profiled nmethods': size=120000Kb used=3266Kb max_used=3266Kb free=116734Kb
 bounds [0x0000025835610000, 0x0000025835950000, 0x000002583cb40000]
CodeHeap 'non-nmethods': size=5760Kb used=1148Kb max_used=1156Kb free=4611Kb
 bounds [0x0000025835070000, 0x00000258352e0000, 0x0000025835610000]
 total_blobs=2188 nmethods=1698 adapters=402
 compilation: enabled
              stopped_count=0, restarted_count=0
 full_count=0

Compilation events (10 events):
Event: 7.644 Thread 0x000002584c104000 1651       3       java.lang.invoke.MethodHandles$Lookup::in (168 bytes)
Event: 7.646 Thread 0x000002584c104000 nmethod 1651 0x000002583591ef90 code [0x000002583591f2e0, 0x0000025835920888]
Event: 7.646 Thread 0x000002584c104000 1653       3       java.lang.Class::getComponentType (14 bytes)
Event: 7.646 Thread 0x000002584c104000 nmethod 1653 0x0000025835920f10 code [0x00000258359210c0, 0x0000025835921248]
Event: 7.646 Thread 0x000002584c104000 1652       3       java.lang.invoke.BoundMethodHandle::editor (8 bytes)
Event: 7.646 Thread 0x000002584c104000 nmethod 1652 0x0000025835921310 code [0x00000258359214e0, 0x0000025835921868]
Event: 7.646 Thread 0x000002584c104000 1654       3       java.lang.invoke.LambdaFormEditor$Transform::<init> (17 bytes)
Event: 7.646 Thread 0x000002584c104000 nmethod 1654 0x0000025835921a10 code [0x0000025835921be0, 0x0000025835921fb8]
Event: 7.647 Thread 0x000002584c104000 1655       1       java.util.concurrent.CopyOnWriteArrayList::getArray (5 bytes)
Event: 7.647 Thread 0x000002584c104000 nmethod 1655 0x000002583cbbe910 code [0x000002583cbbeaa0, 0x000002583cbbeb58]

GC Heap History (4 events):
Event: 0.753 GC heap before
{Heap before GC invocations=0 (full 0):
 garbage-first heap   total 131072K, used 24576K [0x0000000081c00000, 0x0000000100000000)
  region size 1024K, 24 young (24576K), 0 survivors (0K)
 Metaspace       used 17249K, capacity 17513K, committed 17664K, reserved 1064960K
  class space    used 1797K, capacity 1922K, committed 2048K, reserved 1048576K
}
Event: 0.757 GC heap after
{Heap after GC invocations=1 (full 0):
 garbage-first heap   total 131072K, used 4891K [0x0000000081c00000, 0x0000000100000000)
  region size 1024K, 3 young (3072K), 3 survivors (3072K)
 Metaspace       used 17249K, capacity 17513K, committed 17664K, reserved 1064960K
  class space    used 1797K, capacity 1922K, committed 2048K, reserved 1048576K
}
Event: 1.425 GC heap before
{Heap before GC invocations=1 (full 0):
 garbage-first heap   total 131072K, used 17179K [0x0000000081c00000, 0x0000000100000000)
  region size 1024K, 16 young (16384K), 3 survivors (3072K)
 Metaspace       used 20618K, capacity 21105K, committed 21248K, reserved 1069056K
  class space    used 2264K, capacity 2452K, committed 2560K, reserved 1048576K
}
Event: 1.428 GC heap after
{Heap after GC invocations=2 (full 0):
 garbage-first heap   total 131072K, used 6180K [0x0000000081c00000, 0x0000000100000000)
  region size 1024K, 5 young (5120K), 5 survivors (5120K)
 Metaspace       used 20618K, capacity 21105K, committed 21248K, reserved 1069056K
  class space    used 2264K, capacity 2452K, committed 2560K, reserved 1048576K
}

Deoptimization events (10 events):
Event: 0.767 Thread 0x000002582b3e5800 Uncommon trap: reason=unstable_if action=reinterpret pc=0x000002583cb93c18 method=java.io.ByteArrayInputStream.read([BII)I @ 35 c2
Event: 0.769 Thread 0x000002582b3e5800 Uncommon trap: reason=unstable_if action=reinterpret pc=0x000002583cb72804 method=java.lang.StringUTF16.compress([CI[BII)I @ 20 c2
Event: 0.800 Thread 0x000002582b3e5800 Uncommon trap: reason=unstable_if action=reinterpret pc=0x000002583cb88848 method=java.lang.CharacterDataLatin1.digit(II)I @ 12 c2
Event: 1.320 Thread 0x000002582b3e5800 Uncommon trap: reason=unstable_if action=reinterpret pc=0x000002583cba9450 method=jdk.internal.org.objectweb.asm.Type.getArgumentsAndReturnSizes(Ljava/lang/String;)I @ 41 c2
Event: 1.369 Thread 0x000002584d5d0000 Uncommon trap: reason=class_check action=maybe_recompile pc=0x000002583cb98954 method=java.util.concurrent.ConcurrentHashMap.putVal(Ljava/lang/Object;Ljava/lang/Object;Z)Ljava/lang/Object; @ 242 c2
Event: 1.424 Thread 0x000002582b3e5800 Uncommon trap: reason=unstable_if action=reinterpret pc=0x000002583cb884c4 method=java.lang.CharacterDataLatin1.digit(II)I @ 12 c2
Event: 7.624 Thread 0x000002582b3e5800 Uncommon trap: reason=class_check action=maybe_recompile pc=0x000002583cbb5b88 method=org.openqa.selenium.json.Input.init()V @ 18 c2
Event: 7.624 Thread 0x000002582b3e5800 Uncommon trap: reason=class_check action=maybe_recompile pc=0x000002583cbb5b88 method=org.openqa.selenium.json.Input.init()V @ 18 c2
Event: 7.625 Thread 0x000002582b3e5800 Uncommon trap: reason=class_check action=maybe_recompile pc=0x000002583cbb5b88 method=org.openqa.selenium.json.Input.init()V @ 18 c2
Event: 7.625 Thread 0x000002582b3e5800 Uncommon trap: reason=class_check action=maybe_recompile pc=0x000002583cbb5b88 method=org.openqa.selenium.json.Input.init()V @ 18 c2

Classes redefined (0 events):
No events

Internal exceptions (10 events):
Event: 1.314 Thread 0x000002582b3e5800 Exception <a 'java/lang/NoSuchMethodError'{0x000000008974ef48}: java.lang.invoke.DirectMethodHandle$Holder.invokeInterface(Ljava/lang/Object;Ljava/lang/Object;Ljava/lang/Object;)Ljava/lang/Object;> (0x000000008974ef48) thrown at [./open/src/hotspot/share/
Event: 1.314 Thread 0x000002582b3e5800 Exception <a 'java/lang/IncompatibleClassChangeError'{0x0000000089752310}: Found class java.lang.Object, but interface was expected> (0x0000000089752310) thrown at [./open/src/hotspot/share/interpreter/linkResolver.cpp, line 838]
Event: 1.315 Thread 0x000002582b3e5800 Exception <a 'java/lang/NoSuchMethodError'{0x000000008975ae10}: java.lang.invoke.DirectMethodHandle$Holder.invokeSpecialIFC(Ljava/lang/Object;Ljava/lang/Object;Ljava/lang/Object;Ljava/lang/Object;)I> (0x000000008975ae10) thrown at [./open/src/hotspot/shar
Event: 1.320 Thread 0x000002582b3e5800 Exception <a 'java/lang/NoSuchMethodError'{0x00000000897b6e80}: java.lang.invoke.DirectMethodHandle$Holder.invokeVirtual(Ljava/lang/Object;Ljava/lang/Object;)D> (0x00000000897b6e80) thrown at [./open/src/hotspot/share/interpreter/linkResolver.cpp, line 77
Event: 1.321 Thread 0x000002582b3e5800 Exception <a 'java/lang/NoSuchMethodError'{0x00000000897bcc10}: java.lang.invoke.DirectMethodHandle$Holder.invokeVirtual(Ljava/lang/Object;Ljava/lang/Object;)F> (0x00000000897bcc10) thrown at [./open/src/hotspot/share/interpreter/linkResolver.cpp, line 77
Event: 1.321 Thread 0x000002582b3e5800 Exception <a 'java/lang/NoSuchMethodError'{0x00000000897c50e0}: java.lang.invoke.DirectMethodHandle$Holder.invokeVirtual(Ljava/lang/Object;Ljava/lang/Object;)J> (0x00000000897c50e0) thrown at [./open/src/hotspot/share/interpreter/linkResolver.cpp, line 77
Event: 1.324 Thread 0x000002582b3e5800 Exception <a 'java/lang/NoSuchMethodError'{0x00000000897ed648}: java.lang.invoke.DirectMethodHandle$Holder.invokeVirtual(Ljava/lang/Object;Ljava/lang/Object;Ljava/lang/Object;)Ljava/lang/Object;> (0x00000000897ed648) thrown at [./open/src/hotspot/share/in
Event: 1.370 Thread 0x000002582b3e5800 Exception <a 'java/lang/NoSuchMethodError'{0x00000000893459e0}: java.lang.invoke.DirectMethodHandle$Holder.invokeStatic(Ljava/lang/Object;Ljava/lang/Object;Ljava/lang/Object;Ljava/lang/Object;Ljava/lang/Object;)V> (0x00000000893459e0) thrown at [./open/sr
Event: 1.414 Thread 0x000002582b3e5800 Exception <a 'java/lang/NoSuchMethodError'{0x0000000088f2cd80}: java.lang.invoke.DirectMethodHandle$Holder.invokeStatic(Ljava/lang/Object;Ljava/lang/Object;Ljava/lang/Object;Ljava/lang/Object;)V> (0x0000000088f2cd80) thrown at [./open/src/hotspot/share/in
Event: 7.631 Thread 0x000002582b3e5800 Exception <a 'java/lang/NoSuchMethodError'{0x0000000089a3b600}: java.lang.invoke.DirectMethodHandle$Holder.invokeSpecialIFC(Ljava/lang/Object;Ljava/lang/Object;Ljava/lang/Object;)Ljava/lang/Object;> (0x0000000089a3b600) thrown at [./open/src/hotspot/share

Events (10 events):
Event: 7.643 loading class sun/util/logging/PlatformLogger$Level
Event: 7.643 loading class sun/util/logging/PlatformLogger$Level done
Event: 7.644 loading class jdk/internal/logger/SimpleConsoleLogger$Formatting
Event: 7.644 loading class jdk/internal/logger/SimpleConsoleLogger$Formatting done
Event: 7.645 loading class java/util/logging/Handler$1
Event: 7.645 loading class java/util/logging/Handler$1 done
Event: 7.645 loading class java/util/logging/StreamHandler$1
Event: 7.646 loading class java/util/logging/StreamHandler$1 done
Event: 7.647 loading class java/util/logging/LogManager$CloseOnReset
Event: 7.647 loading class java/util/logging/LogManager$CloseOnReset done


Dynamic libraries:
0x00007ff7b2790000 - 0x00007ff7b279f000 	C:\Program Files\Java\jdk-11.0.11\bin\javaw.exe
0x00007ffd88b70000 - 0x00007ffd88d65000 	C:\WINDOWS\SYSTEM32\ntdll.dll
0x00007ffd86ce0000 - 0x00007ffd86d9e000 	C:\WINDOWS\System32\KERNEL32.DLL
0x00007ffd86450000 - 0x00007ffd86718000 	C:\WINDOWS\System32\KERNELBASE.dll
0x00007ffd862c0000 - 0x00007ffd863c0000 	C:\WINDOWS\System32\ucrtbase.dll
0x00007ffd7fab0000 - 0x00007ffd7fac5000 	C:\Program Files\Java\jdk-11.0.11\bin\VCRUNTIME140.dll
0x00007ffd7fa80000 - 0x00007ffd7fa98000 	C:\Program Files\Java\jdk-11.0.11\bin\jli.dll
0x00007ffd87d40000 - 0x00007ffd87dec000 	C:\WINDOWS\System32\ADVAPI32.dll
0x00007ffd88350000 - 0x00007ffd883ee000 	C:\WINDOWS\System32\msvcrt.dll
0x00007ffd87ed0000 - 0x00007ffd87f6b000 	C:\WINDOWS\System32\sechost.dll
0x00007ffd87c10000 - 0x00007ffd87d3a000 	C:\WINDOWS\System32\RPCRT4.dll
0x00007ffd88060000 - 0x00007ffd88201000 	C:\WINDOWS\System32\USER32.dll
0x00007ffd86b30000 - 0x00007ffd86b52000 	C:\WINDOWS\System32\win32u.dll
0x00007ffd723b0000 - 0x00007ffd7264a000 	C:\WINDOWS\WinSxS\amd64_microsoft.windows.common-controls_6595b64144ccf1df_6.0.19041.1110_none_60b5254171f9507e\COMCTL32.dll
0x00007ffd88030000 - 0x00007ffd8805b000 	C:\WINDOWS\System32\GDI32.dll
0x00007ffd86720000 - 0x00007ffd8682b000 	C:\WINDOWS\System32\gdi32full.dll
0x00007ffd86880000 - 0x00007ffd8691d000 	C:\WINDOWS\System32\msvcp_win.dll
0x00007ffd805c0000 - 0x00007ffd805ca000 	C:\WINDOWS\SYSTEM32\VERSION.dll
0x00007ffd86cb0000 - 0x00007ffd86ce0000 	C:\WINDOWS\System32\IMM32.DLL
0x00007ffd6d2a0000 - 0x00007ffd6d33b000 	C:\Program Files\Java\jdk-11.0.11\bin\msvcp140.dll
0x00007ffd47cd0000 - 0x00007ffd487ce000 	C:\Program Files\Java\jdk-11.0.11\bin\server\jvm.dll
0x00007ffd88020000 - 0x00007ffd88028000 	C:\WINDOWS\System32\PSAPI.DLL
0x00007ffd7ac80000 - 0x00007ffd7ac89000 	C:\WINDOWS\SYSTEM32\WSOCK32.dll
0x00007ffd78500000 - 0x00007ffd78527000 	C:\WINDOWS\SYSTEM32\WINMM.dll
0x00007ffd88870000 - 0x00007ffd888db000 	C:\WINDOWS\System32\WS2_32.dll
0x00007ffd84b10000 - 0x00007ffd84b22000 	C:\WINDOWS\SYSTEM32\kernel.appcore.dll
0x00007ffd81440000 - 0x00007ffd81450000 	C:\Program Files\Java\jdk-11.0.11\bin\verify.dll
0x00007ffd83f40000 - 0x00007ffd84124000 	C:\WINDOWS\SYSTEM32\DBGHELP.DLL
0x00007ffd7efc0000 - 0x00007ffd7efec000 	C:\WINDOWS\SYSTEM32\dbgcore.DLL
0x00007ffd863c0000 - 0x00007ffd86443000 	C:\WINDOWS\System32\bcryptPrimitives.dll
0x00007ffd7f440000 - 0x00007ffd7f468000 	C:\Program Files\Java\jdk-11.0.11\bin\java.dll
0x00007ffd7fdf0000 - 0x00007ffd7fdfa000 	C:\Program Files\Java\jdk-11.0.11\bin\jimage.dll
0x00007ffd7dc70000 - 0x00007ffd7dc86000 	C:\Program Files\Java\jdk-11.0.11\bin\zip.dll
0x00007ffd86da0000 - 0x00007ffd874df000 	C:\WINDOWS\System32\SHELL32.dll
0x00007ffd84370000 - 0x00007ffd84b00000 	C:\WINDOWS\SYSTEM32\windows.storage.dll
0x00007ffd87790000 - 0x00007ffd87ae5000 	C:\WINDOWS\System32\combase.dll
0x00007ffd85ce0000 - 0x00007ffd85d0e000 	C:\WINDOWS\SYSTEM32\Wldp.dll
0x00007ffd87f70000 - 0x00007ffd8801d000 	C:\WINDOWS\System32\SHCORE.dll
0x00007ffd88ad0000 - 0x00007ffd88b25000 	C:\WINDOWS\System32\shlwapi.dll
0x00007ffd861d0000 - 0x00007ffd861ef000 	C:\WINDOWS\SYSTEM32\profapi.dll
0x00007ffd7b0f0000 - 0x00007ffd7b109000 	C:\Program Files\Java\jdk-11.0.11\bin\net.dll
0x00007ffd7ca60000 - 0x00007ffd7cb6c000 	C:\WINDOWS\SYSTEM32\WINHTTP.dll
0x00007ffd85a40000 - 0x00007ffd85aaa000 	C:\WINDOWS\system32\mswsock.dll
0x00007ffd7b070000 - 0x00007ffd7b082000 	C:\Program Files\Java\jdk-11.0.11\bin\nio.dll
0x00007ffd85720000 - 0x00007ffd857eb000 	C:\WINDOWS\SYSTEM32\DNSAPI.dll
0x00007ffd856e0000 - 0x00007ffd8571b000 	C:\WINDOWS\SYSTEM32\IPHLPAPI.DLL
0x00007ffd88940000 - 0x00007ffd88948000 	C:\WINDOWS\System32\NSI.dll
0x00007ffd7c9e0000 - 0x00007ffd7c9ea000 	C:\Windows\System32\rasadhlp.dll
0x00007ffd7c650000 - 0x00007ffd7c6cf000 	C:\WINDOWS\System32\fwpuclnt.dll
0x00007ffd86290000 - 0x00007ffd862b7000 	C:\WINDOWS\System32\bcrypt.dll
0x00007ffd85c30000 - 0x00007ffd85c48000 	C:\WINDOWS\SYSTEM32\CRYPTSP.dll
0x00007ffd85350000 - 0x00007ffd85384000 	C:\WINDOWS\system32\rsaenh.dll
0x00007ffd86190000 - 0x00007ffd861be000 	C:\WINDOWS\SYSTEM32\USERENV.dll
0x00007ffd85c50000 - 0x00007ffd85c5c000 	C:\WINDOWS\SYSTEM32\CRYPTBASE.dll
0x00007ffd7f410000 - 0x00007ffd7f427000 	C:\WINDOWS\SYSTEM32\dhcpcsvc6.DLL
0x00007ffd7f4f0000 - 0x00007ffd7f50d000 	C:\WINDOWS\SYSTEM32\dhcpcsvc.DLL
0x00007ffd7fda0000 - 0x00007ffd7fdad000 	C:\Program Files\Java\jdk-11.0.11\bin\sunmscapi.dll
0x00007ffd869d0000 - 0x00007ffd86b26000 	C:\WINDOWS\System32\CRYPT32.dll
0x00007ffd85d50000 - 0x00007ffd85d77000 	C:\WINDOWS\SYSTEM32\ncrypt.dll
0x00007ffd85d10000 - 0x00007ffd85d4b000 	C:\WINDOWS\SYSTEM32\NTASN1.dll
0x00007ffd7f330000 - 0x00007ffd7f355000 	C:\Program Files\Java\jdk-11.0.11\bin\sunec.dll

dbghelp: loaded successfully - version: 4.0.5 - missing functions: none
symbol engine: initialized successfully - sym options: 0x614 - pdb path: .;C:\Program Files\Java\jdk-11.0.11\bin;C:\WINDOWS\SYSTEM32;C:\WINDOWS\WinSxS\amd64_microsoft.windows.common-controls_6595b64144ccf1df_6.0.19041.1110_none_60b5254171f9507e;C:\Program Files\Java\jdk-11.0.11\bin\server

VM Arguments:
jvm_args: -ea -Dfile.encoding=UTF-8 
java_command: org.testng.remote.RemoteTestNG -serport 64642 -protocol json -d D:\Automation\03 - Java Hybrid Framework\test-output D:\Automation\03 - Java Hybrid Framework\resources\runNopCommercetest.xml
java_class_path (initial): D:\Automation\01 - Software\eclipse-java-2021-06-R-win32-x86_64\eclipse\configuration\org.eclipse.osgi\444\0\.cp\lib\testng-remote.jar;D:\Automation\03 - Java Hybrid Framework\bin;D:\Automation\03 - Java Hybrid Framework\libraries\selenium-server-standalone-3.141.59.jar;D:\Automation\03 - Java Hybrid Framework\libraries\testng-6.14.3.jar
Launcher Type: SUN_STANDARD

[Global flags]
     intx CICompilerCount                          = 4                                         {product} {ergonomic}
     uint ConcGCThreads                            = 2                                         {product} {ergonomic}
     uint G1ConcRefinementThreads                  = 8                                         {product} {ergonomic}
   size_t G1HeapRegionSize                         = 1048576                                   {product} {ergonomic}
    uintx GCDrainStackTargetSize                   = 64                                        {product} {ergonomic}
   size_t InitialHeapSize                          = 134217728                                 {product} {ergonomic}
   size_t MarkStackSize                            = 4194304                                   {product} {ergonomic}
   size_t MaxHeapSize                              = 2118123520                                {product} {ergonomic}
   size_t MaxNewSize                               = 1270874112                                {product} {ergonomic}
   size_t MinHeapDeltaBytes                        = 1048576                                   {product} {ergonomic}
    uintx NonNMethodCodeHeapSize                   = 5836300                                {pd product} {ergonomic}
    uintx NonProfiledCodeHeapSize                  = 122910970                              {pd product} {ergonomic}
    uintx ProfiledCodeHeapSize                     = 122910970                              {pd product} {ergonomic}
    uintx ReservedCodeCacheSize                    = 251658240                              {pd product} {ergonomic}
     bool SegmentedCodeCache                       = true                                      {product} {ergonomic}
     bool UseCompressedClassPointers               = true                                 {lp64_product} {ergonomic}
     bool UseCompressedOops                        = true                                 {lp64_product} {ergonomic}
     bool UseG1GC                                  = true                                      {product} {ergonomic}
     bool UseLargePagesIndividualAllocation        = false                                  {pd product} {ergonomic}

Logging:
Log output configuration:
 #0: stdout all=warning uptime,level,tags
 #1: stderr all=off uptime,level,tags

Environment Variables:
PATH=D:/Automation/01 - Software/eclipse-java-2021-06-R-win32-x86_64/eclipse//plugins/org.eclipse.justj.openjdk.hotspot.jre.full.win32.x86_64_16.0.1.v20210528-1205/jre/bin/server;D:/Automation/01 - Software/eclipse-java-2021-06-R-win32-x86_64/eclipse//plugins/org.eclipse.justj.openjdk.hotspot.jre.full.win32.x86_64_16.0.1.v20210528-1205/jre/bin;C:\Program Files\Common Files\Oracle\Java\javapath;C:\Windows\system32;C:\Windows;C:\Windows\System32\Wbem;C:\Windows\System32\WindowsPowerShell\v1.0\;C:\Windows\System32\OpenSSH\;C:\Program Files\NVIDIA Corporation\NVIDIA NvDLISR;C:\WINDOWS\system32;C:\WINDOWS;C:\WINDOWS\System32\Wbem;C:\WINDOWS\System32\WindowsPowerShell\v1.0\;C:\WINDOWS\System32\OpenSSH\;C:\Program Files\Git\cmd;C:\Users\Toan Nguyen\AppData\Local\Microsoft\WindowsApps;;D:\Automation\01 - Software\eclipse-java-2021-06-R-win32-x86_64\eclipse;
USERNAME=Toan Nguyen
OS=Windows_NT
PROCESSOR_IDENTIFIER=Intel64 Family 6 Model 158 Stepping 10, GenuineIntel



---------------  S Y S T E M  ---------------

OS: Windows 10 , 64 bit Build 19041 (10.0.19041.1348)

CPU:total 8 (initial active 8) (4 cores per cpu, 2 threads per core) family 6 model 158 stepping 10 microcode 0xc6, cmov, cx8, fxsr, mmx, sse, sse2, sse3, ssse3, sse4.1, sse4.2, popcnt, avx, avx2, aes, clmul, erms, 3dnowpref, lzcnt, ht, tsc, tscinvbit, bmi1, bmi2, adx, fma

Memory: 4k page, system-wide physical 8072M (500M free)
TotalPageFile size 27706M (AvailPageFile size 0M)
current process WorkingSet (physical memory assigned to process): 93M, peak: 93M
current process commit charge ("private bytes"): 233M, peak: 233M

vm_info: Java HotSpot(TM) 64-Bit Server VM (11.0.11+9-LTS-194) for windows-amd64 JRE (11.0.11+9-LTS-194), built on Mar 18 2021 18:46:53 by "mach5one" with MS VC++ 15.9 (VS2017)

END.
